{"name": "Validate transaction details", "status": "failed", "statusDetails": {"message": "AssertionError: assert 13.1802 <= 0.5\n +  where 13.1802 = abs((3.66 - 16.8402))", "trace": "self = <test_openorder_card.TestOpenOrderCard object at 0x000001E2A69C52E0>\n\n    @allure.story(\"Payment Processing\")\n    @allure.title(\"Validate transaction details\")\n    def test_transaction(self):\n        global total\n        with allure.step(\"Verifying transaction amount\"):\n            transaction_amount = self.calc.transaction()\n        allure.attach(f\"Total price: {total}, Transaction Amount: {transaction_amount}\", name=\"Transaction Log\")\n>       assert abs(transaction_amount - total) <= 0.5\nE       assert 13.1802 <= 0.5\nE        +  where 13.1802 = abs((3.66 - 16.8402))\n\nsuits\\test_orderflows\\test_card\\test_openorder_card.py:115: AssertionError"}, "steps": [{"name": "Verifying transaction amount", "status": "passed", "start": 1741786866479, "stop": 1741786871187}], "attachments": [{"name": "Transaction Log", "source": "c44bc56c-268f-4068-9d7a-2bdd35dd3655-attachment.attach"}], "start": 1741786866479, "stop": 1741786871189, "uuid": "15187b4b-95ba-45b3-86fc-bfbd5875bf0d", "historyId": "103a0bcaafab3c7187cd6d294862fcfa", "testCaseId": "103a0bcaafab3c7187cd6d294862fcfa", "fullName": "suits.test_orderflows.test_card.test_openorder_card.TestOpenOrderCard#test_transaction", "labels": [{"name": "OS", "value": "Android"}, {"name": "story", "value": "Payment Processing"}, {"name": "App", "value": "POS System"}, {"name": "feature", "value": "Open Order Flow"}, {"name": "parentSuite", "value": "suits.test_orderflows.test_card"}, {"name": "suite", "value": "test_openorder_card"}, {"name": "subSuite", "value": "TestOpenOrderCard"}, {"name": "host", "value": "LAPTOP-KKMKONCC"}, {"name": "thread", "value": "10400-MainThread"}, {"name": "framework", "value": "pytest"}, {"name": "language", "value": "cpython3"}, {"name": "package", "value": "suits.test_orderflows.test_card.test_openorder_card"}]}