{"name": "test_delete_ordernote", "status": "failed", "statusDetails": {"message": "AssertionError: assert 'error is Message: \\n' is True\n +  where 'error is Message: \\n' = remove_ordernote()\n +    where remove_ordernote = <logic.setup_logic.Setup object at 0x000002A6F55DF520>.remove_ordernote\n +      where <logic.setup_logic.Setup object at 0x000002A6F55DF520> = <test_setup.TestSetUpFlow object at 0x000002A6F480B550>.setup", "trace": "self = <test_setup.TestSetUpFlow object at 0x000002A6F480B550>\n\n    def test_delete_ordernote(self):\n>       assert self.setup.remove_ordernote() is True\nE       AssertionError: assert 'error is Message: \\n' is True\nE        +  where 'error is Message: \\n' = remove_ordernote()\nE        +    where remove_ordernote = <logic.setup_logic.Setup object at 0x000002A6F55DF520>.remove_ordernote\nE        +      where <logic.setup_logic.Setup object at 0x000002A6F55DF520> = <test_setup.TestSetUpFlow object at 0x000002A6F480B550>.setup\n\nAutomation-logic\\suits\\test_setup\\test_setup.py:69: AssertionError"}, "start": 1743594436494, "stop": 1743594456161, "uuid": "d7187ceb-04ad-43ec-bb25-d1b7c8e73828", "historyId": "159764c5ceba2c7eff69a332ee8a0fed", "testCaseId": "159764c5ceba2c7eff69a332ee8a0fed", "fullName": "suits.test_setup.test_setup.TestSetUpFlow#test_delete_ordernote", "labels": [{"name": "feature", "value": "Developer 1 Report"}, {"name": "parentSuite", "value": "suits.test_setup"}, {"name": "suite", "value": "test_setup"}, {"name": "subSuite", "value": "TestSetUpFlow"}, {"name": "host", "value": "LAPTOP-KKMKONCC"}, {"name": "thread", "value": "19328-MainThread"}, {"name": "framework", "value": "pytest"}, {"name": "language", "value": "cpython3"}, {"name": "package", "value": "suits.test_setup.test_setup"}]}