{"name": "test_tip_check", "status": "failed", "statusDetails": {"message": "AssertionError: assert False is True\n +  where False = check_tip()\n +    where check_tip = <logic.setup_logic.Setup object at 0x00000249BD8F03D0>.check_tip\n +      where <logic.setup_logic.Setup object at 0x00000249BD8F03D0> = <test_setup.TestSetUpFlow object at 0x00000249BD90DF00>.setup", "trace": "self = <test_setup.TestSetUpFlow object at 0x00000249BD90DF00>\n\n    def test_tip_check(self):\n>       assert self.setup.check_tip() is True\nE       assert False is True\nE        +  where False = check_tip()\nE        +    where check_tip = <logic.setup_logic.Setup object at 0x00000249BD8F03D0>.check_tip\nE        +      where <logic.setup_logic.Setup object at 0x00000249BD8F03D0> = <test_setup.TestSetUpFlow object at 0x00000249BD90DF00>.setup\n\nAutomation-logic\\suits\\test_setup\\test_setup.py:62: AssertionError"}, "start": 1743595684645, "stop": 1743595703781, "uuid": "57cb8b7b-5799-4fa3-a22c-8b721816d41d", "historyId": "c6813ec021ca52002c88595f0aba89af", "testCaseId": "c6813ec021ca52002c88595f0aba89af", "fullName": "suits.test_setup.test_setup.TestSetUpFlow#test_tip_check", "labels": [{"name": "feature", "value": "Developer 1 Report"}, {"name": "parentSuite", "value": "suits.test_setup"}, {"name": "suite", "value": "test_setup"}, {"name": "subSuite", "value": "TestSetUpFlow"}, {"name": "host", "value": "LAPTOP-KKMKONCC"}, {"name": "thread", "value": "15720-MainThread"}, {"name": "framework", "value": "pytest"}, {"name": "language", "value": "cpython3"}, {"name": "package", "value": "suits.test_setup.test_setup"}]}