{"name": "Validate Transaction Amount After Payment", "status": "failed", "statusDetails": {"message": "AssertionError: assert 1.1400000000000148 <= 0.5\n +  where 1.1400000000000148 = abs((134.54 - 135.68))", "trace": "self = <test_cash.test_openorder_cash.TestOpenOrderCash object at 0x000001B2D4F7EDD0>\n\n    @allure.story(\"Payment Processing\")\n    @allure.title(\"Validate Transaction Amount After Payment\")\n    @allure.description(\"Ensures the recorded transaction amount matches the expected total.\")\n    def test_transaction(self):\n        global total\n        transaction_amount = self.calc.transaction()\n        print(\"Total price is \", total)\n        print(\"Transaction amount is \", transaction_amount)\n>       assert abs(transaction_amount - total) <= 0.5\nE       assert 1.1400000000000148 <= 0.5\nE        +  where 1.1400000000000148 = abs((134.54 - 135.68))\n\nsuits\\test_orderflows\\test_cash\\test_openorder_cash.py:84: AssertionError"}, "description": "Ensures the recorded transaction amount matches the expected total.", "start": 1741862415414, "stop": 1741862421273, "uuid": "96c752a1-4c02-45a6-a472-85817d6ca78c", "historyId": "35d597924ed450edd394b2806e26c740", "testCaseId": "35d597924ed450edd394b2806e26c740", "fullName": "suits.test_orderflows.test_cash.test_openorder_cash.TestOpenOrderCash#test_transaction", "labels": [{"name": "feature", "value": "Open Order Flow - Cash Payment"}, {"name": "story", "value": "Payment Processing"}, {"name": "Module", "value": "Order Management"}, {"name": "Type", "value": "Functional Test"}, {"name": "parentSuite", "value": "suits.test_orderflows.test_cash"}, {"name": "suite", "value": "test_openorder_cash"}, {"name": "subSuite", "value": "TestOpenOrderCash"}, {"name": "host", "value": "LAPTOP-KKMKONCC"}, {"name": "thread", "value": "4140-MainThread"}, {"name": "framework", "value": "pytest"}, {"name": "language", "value": "cpython3"}, {"name": "package", "value": "suits.test_orderflows.test_cash.test_openorder_cash"}]}