{"name": "test_cashpay", "status": "failed", "statusDetails": {"message": "AssertionError: assert False is True\n +  where False = cash_pay()\n +    where cash_pay = <logic.takeout_logic.Calculations object at 0x000001968F24D660>.cash_pay\n +      where <logic.takeout_logic.Calculations object at 0x000001968F24D660> = <test_setup.TestSetUpFlow object at 0x000001968F318F10>.calc", "trace": "self = <test_setup.TestSetUpFlow object at 0x000001968F318F10>\n\n    def test_cashpay(self):\n>       assert self.calc.cash_pay() is True\nE       assert False is True\nE        +  where False = cash_pay()\nE        +    where cash_pay = <logic.takeout_logic.Calculations object at 0x000001968F24D660>.cash_pay\nE        +      where <logic.takeout_logic.Calculations object at 0x000001968F24D660> = <test_setup.TestSetUpFlow object at 0x000001968F318F10>.calc\n\nAutomation-logic\\suits\\test_setup\\test_setup.py:98: AssertionError"}, "start": 1743600010260, "stop": 1743600020481, "uuid": "3cf3319b-52ee-4853-b2bf-35d460831dce", "historyId": "685db32d686450f8ee71fb9a4ef2e186", "testCaseId": "685db32d686450f8ee71fb9a4ef2e186", "fullName": "suits.test_setup.test_setup.TestSetUpFlow#test_cashpay", "labels": [{"name": "feature", "value": "Setup Testflow"}, {"name": "parentSuite", "value": "suits.test_setup"}, {"name": "suite", "value": "test_setup"}, {"name": "subSuite", "value": "TestSetUpFlow"}, {"name": "host", "value": "LAPTOP-KKMKONCC"}, {"name": "thread", "value": "5708-MainThread"}, {"name": "framework", "value": "pytest"}, {"name": "language", "value": "cpython3"}, {"name": "package", "value": "suits.test_setup.test_setup"}]}