{"name": "test_cashpay", "status": "failed", "statusDetails": {"message": "AssertionError: assert False is True\n +  where False = cash_pay()\n +    where cash_pay = <logic.takeout_logic.Calculations object at 0x000002D9999012A0>.cash_pay\n +      where <logic.takeout_logic.Calculations object at 0x000002D9999012A0> = <test_setup.TestSetUpFlow object at 0x000002D99A1D9DB0>.calc", "trace": "self = <test_setup.TestSetUpFlow object at 0x000002D99A1D9DB0>\n\n    def test_cashpay(self):\n>       assert self.calc.cash_pay() is True\nE       assert False is True\nE        +  where False = cash_pay()\nE        +    where cash_pay = <logic.takeout_logic.Calculations object at 0x000002D9999012A0>.cash_pay\nE        +      where <logic.takeout_logic.Calculations object at 0x000002D9999012A0> = <test_setup.TestSetUpFlow object at 0x000002D99A1D9DB0>.calc\n\nAutomation-logic\\suits\\test_setup\\test_setup.py:100: AssertionError"}, "start": 1743600514218, "stop": 1743600524386, "uuid": "9612a048-2ac6-493a-9488-b885797e2a63", "historyId": "685db32d686450f8ee71fb9a4ef2e186", "testCaseId": "685db32d686450f8ee71fb9a4ef2e186", "fullName": "suits.test_setup.test_setup.TestSetUpFlow#test_cashpay", "labels": [{"name": "feature", "value": "Setup Testflow"}, {"name": "parentSuite", "value": "suits.test_setup"}, {"name": "suite", "value": "test_setup"}, {"name": "subSuite", "value": "TestSetUpFlow"}, {"name": "host", "value": "LAPTOP-KKMKONCC"}, {"name": "thread", "value": "18556-MainThread"}, {"name": "framework", "value": "pytest"}, {"name": "language", "value": "cpython3"}, {"name": "package", "value": "suits.test_setup.test_setup"}]}