{"name": "Complete card payment", "status": "failed", "statusDetails": {"message": "AssertionError: assert 'Error Message: The element \\'By.xpath: //android.widget.TextView[@resource-id=\"com.pays.pos:id/llHome\"]\\' does not ex...readFactory$DefaultRunnableDecorator.run(DefaultThreadFactory.java:144)\\n\\tat java.lang.Thread.run(Thread.java:1012)\\n' is True\n +  where 'Error Message: The element \\'By.xpath: //android.widget.TextView[@resource-id=\"com.pays.pos:id/llHome\"]\\' does not ex...readFactory$DefaultRunnableDecorator.run(DefaultThreadFactory.java:144)\\n\\tat java.lang.Thread.run(Thread.java:1012)\\n' = cash_pay()\n +    where cash_pay = <logic.takeout_logic.Calculations object at 0x000001A83219CD90>.cash_pay\n +      where <logic.takeout_logic.Calculations object at 0x000001A83219CD90> = <test_cash.test_takeoutorder_cash.TestTakeoutFlow object at 0x000001A83219EDA0>.calc", "trace": "self = <test_cash.test_takeoutorder_cash.TestTakeoutFlow object at 0x000001A83219EDA0>\n\n    @allure.story(\"Payment Processing\")\n    @allure.title(\"Complete card payment\")\n    def test_final_pay(self):\n        print(\"=================Cash Payment====================\")\n>       assert self.calc.cash_pay() is True\nE       assert 'Error Message: The element \\'By.xpath: //android.widget.TextView[@resource-id=\"com.pays.pos:id/llHome\"]\\' does not ex...readFactory$DefaultRunnableDecorator.run(DefaultThreadFactory.java:144)\\n\\tat java.lang.Thread.run(Thread.java:1012)\\n' is True\nE        +  where 'Error Message: The element \\'By.xpath: //android.widget.TextView[@resource-id=\"com.pays.pos:id/llHome\"]\\' does not ex...readFactory$DefaultRunnableDecorator.run(DefaultThreadFactory.java:144)\\n\\tat java.lang.Thread.run(Thread.java:1012)\\n' = cash_pay()\nE        +    where cash_pay = <logic.takeout_logic.Calculations object at 0x000001A83219CD90>.cash_pay\nE        +      where <logic.takeout_logic.Calculations object at 0x000001A83219CD90> = <test_cash.test_takeoutorder_cash.TestTakeoutFlow object at 0x000001A83219EDA0>.calc\n\nAutomation-logic\\suits\\test_orderflows\\test_cash\\test_takeoutorder_cash.py:77: AssertionError"}, "start": 1742904550275, "stop": 1742904555500, "uuid": "25c26ec2-5156-4e87-ae01-d8912e383569", "historyId": "a50ed728a8d93b9c8e6ff3f5b3ad97b1", "testCaseId": "a50ed728a8d93b9c8e6ff3f5b3ad97b1", "fullName": "suits.test_orderflows.test_cash.test_takeoutorder_cash.TestTakeoutFlow#test_final_pay", "labels": [{"name": "feature", "value": "Takeout order in Cash"}, {"name": "story", "value": "Payment Processing"}, {"name": "epic", "value": "Orderflow"}, {"name": "parentSuite", "value": "suits.test_orderflows.test_cash"}, {"name": "suite", "value": "test_takeoutorder_cash"}, {"name": "subSuite", "value": "TestTakeoutFlow"}, {"name": "host", "value": "LAPTOP-KKMKONCC"}, {"name": "thread", "value": "20128-MainThread"}, {"name": "framework", "value": "pytest"}, {"name": "language", "value": "cpython3"}, {"name": "package", "value": "suits.test_orderflows.test_cash.test_takeoutorder_cash"}]}