{"name": "Validate Transaction Amount After Payment", "status": "failed", "statusDetails": {"message": "AssertionError: assert 0.8499999999999943 <= 0.5\n +  where 0.8499999999999943 = abs((91.59 - 92.44))", "trace": "self = <test_cash.test_openorder_cash.TestOpenOrderCash object at 0x000002062C3F5A90>\n\n    @allure.story(\"Payment Processing\")\n    @allure.title(\"Validate Transaction Amount After Payment\")\n    @allure.description(\"Ensures the recorded transaction amount matches the expected total.\")\n    def test_transaction(self):\n        global total\n        transaction_amount = self.calc.transaction()\n        print(\"Total price is \", total)\n        print(\"Transaction amount is \", transaction_amount)\n>       assert abs(transaction_amount - total) <= 0.5\nE       assert 0.8499999999999943 <= 0.5\nE        +  where 0.8499999999999943 = abs((91.59 - 92.44))\n\nsuits\\test_orderflows\\test_cash\\test_openorder_cash.py:84: AssertionError"}, "description": "Ensures the recorded transaction amount matches the expected total.", "start": 1741785845288, "stop": 1741785850835, "uuid": "8e358be1-7c1b-4efa-9ede-6b64d990460e", "historyId": "35d597924ed450edd394b2806e26c740", "testCaseId": "35d597924ed450edd394b2806e26c740", "fullName": "suits.test_orderflows.test_cash.test_openorder_cash.TestOpenOrderCash#test_transaction", "labels": [{"name": "feature", "value": "Open Order Flow - Cash Payment"}, {"name": "Module", "value": "Order Management"}, {"name": "Type", "value": "Functional Test"}, {"name": "story", "value": "Payment Processing"}, {"name": "parentSuite", "value": "suits.test_orderflows.test_cash"}, {"name": "suite", "value": "test_openorder_cash"}, {"name": "subSuite", "value": "TestOpenOrderCash"}, {"name": "host", "value": "LAPTOP-KKMKONCC"}, {"name": "thread", "value": "10368-MainThread"}, {"name": "framework", "value": "pytest"}, {"name": "language", "value": "cpython3"}, {"name": "package", "value": "suits.test_orderflows.test_cash.test_openorder_cash"}]}