{"name": "Validate Transaction Amount After Payment", "status": "failed", "statusDetails": {"message": "AssertionError: assert 93.84 <= 0.5\n +  where 93.84 = abs((0.6 - 94.44))", "trace": "self = <test_cash.test_openorder_cash.TestOpenOrderCash object at 0x0000020145F33C40>\n\n    @allure.story(\"Payment Processing\")\n    @allure.title(\"Validate Transaction Amount After Payment\")\n    @allure.description(\"Ensures the recorded transaction amount matches the expected total.\")\n    def test_transaction(self):\n        global total\n        transaction_amount = self.calc.transaction()\n        print(\"Total price is \", total)\n        print(\"Transaction amount is \", transaction_amount)\n>       assert abs(transaction_amount - total) <= 0.5\nE       assert 93.84 <= 0.5\nE        +  where 93.84 = abs((0.6 - 94.44))\n\nsuits\\test_orderflows\\test_cash\\test_openorder_cash.py:84: AssertionError"}, "description": "Ensures the recorded transaction amount matches the expected total.", "start": 1741861012366, "stop": 1741861018996, "uuid": "5b2f05f5-50dc-4024-8cdb-44a01d431d24", "historyId": "35d597924ed450edd394b2806e26c740", "testCaseId": "35d597924ed450edd394b2806e26c740", "fullName": "suits.test_orderflows.test_cash.test_openorder_cash.TestOpenOrderCash#test_transaction", "labels": [{"name": "feature", "value": "Open Order Flow - Cash Payment"}, {"name": "story", "value": "Payment Processing"}, {"name": "Type", "value": "Functional Test"}, {"name": "Module", "value": "Order Management"}, {"name": "parentSuite", "value": "suits.test_orderflows.test_cash"}, {"name": "suite", "value": "test_openorder_cash"}, {"name": "subSuite", "value": "TestOpenOrderCash"}, {"name": "host", "value": "LAPTOP-KKMKONCC"}, {"name": "thread", "value": "13360-MainThread"}, {"name": "framework", "value": "pytest"}, {"name": "language", "value": "cpython3"}, {"name": "package", "value": "suits.test_orderflows.test_cash.test_openorder_cash"}]}