{"name": "Validate Transaction Amount After Payment", "status": "failed", "statusDetails": {"message": "AssertionError: assert 0.8800000000000097 <= 0.5\n +  where 0.8800000000000097 = abs((95.05 - 95.93))", "trace": "self = <test_cash.test_openorder_cash.TestOpenOrderCash object at 0x000002AE44F48CA0>\n\n    @allure.story(\"Payment Processing\")\n    @allure.title(\"Validate Transaction Amount After Payment\")\n    @allure.description(\"Ensures the recorded transaction amount matches the expected total.\")\n    def test_transaction(self):\n        global total\n        transaction_amount = self.calc.transaction()\n        print(\"Total price is \", total)\n        print(\"Transaction amount is \", transaction_amount)\n>       assert abs(transaction_amount - total) <= 0.5\nE       assert 0.8800000000000097 <= 0.5\nE        +  where 0.8800000000000097 = abs((95.05 - 95.93))\n\nsuits\\test_orderflows\\test_cash\\test_openorder_cash.py:88: AssertionError"}, "description": "Ensures the recorded transaction amount matches the expected total.", "start": 1741862939651, "stop": 1741862946597, "uuid": "6524b172-f53c-48a6-8a39-5900751f3250", "historyId": "35d597924ed450edd394b2806e26c740", "testCaseId": "35d597924ed450edd394b2806e26c740", "fullName": "suits.test_orderflows.test_cash.test_openorder_cash.TestOpenOrderCash#test_transaction", "labels": [{"name": "feature", "value": "Open Order Flow - Cash Payment"}, {"name": "Type", "value": "Functional Test"}, {"name": "story", "value": "Payment Processing"}, {"name": "Module", "value": "Order Management"}, {"name": "parentSuite", "value": "suits.test_orderflows.test_cash"}, {"name": "suite", "value": "test_openorder_cash"}, {"name": "subSuite", "value": "TestOpenOrderCash"}, {"name": "host", "value": "LAPTOP-KKMKONCC"}, {"name": "thread", "value": "6272-MainThread"}, {"name": "framework", "value": "pytest"}, {"name": "language", "value": "cpython3"}, {"name": "package", "value": "suits.test_orderflows.test_cash.test_openorder_cash"}]}