{"name": "test_removed_discount_check", "status": "failed", "statusDetails": {"message": "AssertionError: assert 'The Discount not found' is True\n +  where 'The Discount not found' = check_discount(1)\n +    where check_discount = <logic.setup_logic.Setup object at 0x000002279FC80C10>.check_discount\n +      where <logic.setup_logic.Setup object at 0x000002279FC80C10> = <test_setup.TestSetUpFlow object at 0x00000227A0564A00>.setup", "trace": "self = <test_setup.TestSetUpFlow object at 0x00000227A0564A00>\n\n    def test_removed_discount_check(self):\n>       assert self.setup.check_discount(1) is True\nE       AssertionError: assert 'The Discount not found' is True\nE        +  where 'The Discount not found' = check_discount(1)\nE        +    where check_discount = <logic.setup_logic.Setup object at 0x000002279FC80C10>.check_discount\nE        +      where <logic.setup_logic.Setup object at 0x000002279FC80C10> = <test_setup.TestSetUpFlow object at 0x00000227A0564A00>.setup\n\nAutomation-logic\\suits\\test_setup\\test_setup.py:81: AssertionError"}, "start": 1743599595492, "stop": 1743599609372, "uuid": "c4819a29-4294-47ff-a1cf-18c5b8828a42", "historyId": "5f42116a34816db46bee83a89f8c98f4", "testCaseId": "5f42116a34816db46bee83a89f8c98f4", "fullName": "suits.test_setup.test_setup.TestSetUpFlow#test_removed_discount_check", "labels": [{"name": "feature", "value": "Developer 1 Report"}, {"name": "parentSuite", "value": "suits.test_setup"}, {"name": "suite", "value": "test_setup"}, {"name": "subSuite", "value": "TestSetUpFlow"}, {"name": "host", "value": "LAPTOP-KKMKONCC"}, {"name": "thread", "value": "11572-MainThread"}, {"name": "framework", "value": "pytest"}, {"name": "language", "value": "cpython3"}, {"name": "package", "value": "suits.test_setup.test_setup"}]}