{"name": "Validate transaction details", "status": "failed", "statusDetails": {"message": "AssertionError: assert 572.76978 <= 0.5\n +  where 572.76978 = abs((False - 572.76978))", "trace": "self = <test_openorder_card.TestOpenOrderCard object at 0x000001F4126BA660>\n\n    @allure.story(\"Payment Processing\")\n    @allure.title(\"Validate transaction details\")\n    def test_transaction(self):\n        global total\n        with allure.step(\"Verifying transaction amount\"):\n            transaction_amount = self.calc.transaction()\n        allure.attach(f\"Total price: {total}, Transaction Amount: {transaction_amount}\", name=\"Transaction Log\")\n>       assert abs(transaction_amount - total) <= 0.5\nE       assert 572.76978 <= 0.5\nE        +  where 572.76978 = abs((False - 572.76978))\n\nsuits\\test_orderflows\\test_card\\test_openorder_card.py:115: AssertionError"}, "steps": [{"name": "Verifying transaction amount", "status": "passed", "start": 1741790471652, "stop": 1741790536239}], "attachments": [{"name": "Transaction Log", "source": "fcbff979-874c-432d-81cc-8353ad34e2a9-attachment.attach"}], "start": 1741790471651, "stop": 1741790536243, "uuid": "cc00461c-4a6a-4c76-9284-006ee852c9a7", "historyId": "103a0bcaafab3c7187cd6d294862fcfa", "testCaseId": "103a0bcaafab3c7187cd6d294862fcfa", "fullName": "suits.test_orderflows.test_card.test_openorder_card.TestOpenOrderCard#test_transaction", "labels": [{"name": "feature", "value": "Open Order Flow"}, {"name": "story", "value": "Payment Processing"}, {"name": "App", "value": "POS System"}, {"name": "OS", "value": "Android"}, {"name": "parentSuite", "value": "suits.test_orderflows.test_card"}, {"name": "suite", "value": "test_openorder_card"}, {"name": "subSuite", "value": "TestOpenOrderCard"}, {"name": "host", "value": "LAPTOP-KKMKONCC"}, {"name": "thread", "value": "20328-MainThread"}, {"name": "framework", "value": "pytest"}, {"name": "language", "value": "cpython3"}, {"name": "package", "value": "suits.test_orderflows.test_card.test_openorder_card"}]}