{"name": "Validate transaction details", "status": "failed", "statusDetails": {"message": "AssertionError: assert 0.4724800000000009 <= 0.3\n +  where 0.4724800000000009 = abs((23.42 - 23.892480000000003))", "trace": "self = <test_takeoutorder_card.TestTakeOutFlow object at 0x000002127309A380>\n\n    @allure.story(\"Payment Processing\")\n    @allure.title(\"Validate transaction details\")\n    def test_transaction(self):\n        global total\n        transaction_amount = self.calc.transaction()\n        print(\"Total price is \", total)\n        print(\"Transaction amount is \", transaction_amount)\n>       assert abs(transaction_amount - total) <= 0.3\nE       assert 0.4724800000000009 <= 0.3\nE        +  where 0.4724800000000009 = abs((23.42 - 23.892480000000003))\n\nAutomation-logic\\suits\\test_orderflows\\test_card\\test_takeoutorder_card.py:93: AssertionError"}, "start": 1743602520138, "stop": 1743602524583, "uuid": "45171517-1696-4d27-a923-205b226d13ba", "historyId": "be9708123300fbd1324af43a9f4818b6", "testCaseId": "be9708123300fbd1324af43a9f4818b6", "fullName": "suits.test_orderflows.test_card.test_takeoutorder_card.TestTakeOutFlow#test_transaction", "labels": [{"name": "epic", "value": "Orderflow"}, {"name": "feature", "value": "Takeout order in Card"}, {"name": "story", "value": "Payment Processing"}, {"name": "parentSuite", "value": "suits.test_orderflows.test_card"}, {"name": "suite", "value": "test_takeoutorder_card"}, {"name": "subSuite", "value": "TestTakeOutFlow"}, {"name": "host", "value": "LAPTOP-KKMKONCC"}, {"name": "thread", "value": "11684-MainThread"}, {"name": "framework", "value": "pytest"}, {"name": "language", "value": "cpython3"}, {"name": "package", "value": "suits.test_orderflows.test_card.test_takeoutorder_card"}]}