{"name": "test_tip_check", "status": "failed", "statusDetails": {"message": "AssertionError: assert False is True\n +  where False = check_tip(1)\n +    where check_tip = <logic.setup_logic.Setup object at 0x00000227A05E0E20>.check_tip\n +      where <logic.setup_logic.Setup object at 0x00000227A05E0E20> = <test_setup.TestSetUpFlow object at 0x00000227A0565600>.setup", "trace": "self = <test_setup.TestSetUpFlow object at 0x00000227A0565600>\n\n    def test_tip_check(self):\n>       assert self.setup.check_tip(1) is True\nE       assert False is True\nE        +  where False = check_tip(1)\nE        +    where check_tip = <logic.setup_logic.Setup object at 0x00000227A05E0E20>.check_tip\nE        +      where <logic.setup_logic.Setup object at 0x00000227A05E0E20> = <test_setup.TestSetUpFlow object at 0x00000227A0565600>.setup\n\nAutomation-logic\\suits\\test_setup\\test_setup.py:95: AssertionError"}, "start": 1743599471283, "stop": 1743599486346, "uuid": "85e44ce6-c79d-421f-8f3f-b89a3fd4b17d", "historyId": "c6813ec021ca52002c88595f0aba89af", "testCaseId": "c6813ec021ca52002c88595f0aba89af", "fullName": "suits.test_setup.test_setup.TestSetUpFlow#test_tip_check", "labels": [{"name": "feature", "value": "Developer 1 Report"}, {"name": "parentSuite", "value": "suits.test_setup"}, {"name": "suite", "value": "test_setup"}, {"name": "subSuite", "value": "TestSetUpFlow"}, {"name": "host", "value": "LAPTOP-KKMKONCC"}, {"name": "thread", "value": "11572-MainThread"}, {"name": "framework", "value": "pytest"}, {"name": "language", "value": "cpython3"}, {"name": "package", "value": "suits.test_setup.test_setup"}]}