{"name": "Validate transaction details", "status": "failed", "statusDetails": {"message": "AssertionError: assert 44.44752 <= 0.5\n +  where 44.44752 = abs((False - 44.44752))", "trace": "self = <test_openorder_card.TestOpenOrderCard object at 0x000002397EDCA210>\n\n    @allure.story(\"Payment Processing\")\n    @allure.title(\"Validate transaction details\")\n    def test_transaction(self):\n        global total\n        with allure.step(\"Verifying transaction amount\"):\n            transaction_amount = self.calc.transaction()\n        allure.attach(f\"Total price: {total}, Transaction Amount: {transaction_amount}\", name=\"Transaction Log\")\n>       assert abs(transaction_amount - total) <= 0.5\nE       assert 44.44752 <= 0.5\nE        +  where 44.44752 = abs((False - 44.44752))\n\nsuits\\test_orderflows\\test_card\\test_openorder_card.py:115: AssertionError"}, "steps": [{"name": "Verifying transaction amount", "status": "passed", "start": 1741787942464, "stop": 1741787973734}], "attachments": [{"name": "Transaction Log", "source": "f7b14400-9a27-468e-9840-d3e0d76bb2af-attachment.attach"}], "start": 1741787942464, "stop": 1741787973737, "uuid": "9cfb9055-4e39-4eb2-841b-1d9e083a6a4d", "historyId": "103a0bcaafab3c7187cd6d294862fcfa", "testCaseId": "103a0bcaafab3c7187cd6d294862fcfa", "fullName": "suits.test_orderflows.test_card.test_openorder_card.TestOpenOrderCard#test_transaction", "labels": [{"name": "feature", "value": "Open Order Flow"}, {"name": "App", "value": "POS System"}, {"name": "OS", "value": "Android"}, {"name": "story", "value": "Payment Processing"}, {"name": "parentSuite", "value": "suits.test_orderflows.test_card"}, {"name": "suite", "value": "test_openorder_card"}, {"name": "subSuite", "value": "TestOpenOrderCard"}, {"name": "host", "value": "LAPTOP-KKMKONCC"}, {"name": "thread", "value": "13504-MainThread"}, {"name": "framework", "value": "pytest"}, {"name": "language", "value": "cpython3"}, {"name": "package", "value": "suits.test_orderflows.test_card.test_openorder_card"}]}