{"name": "test_delete_discount", "status": "failed", "statusDetails": {"message": "AssertionError: assert 'Errorr is Message: \\n' is True\n +  where 'Errorr is Message: \\n' = remove_discount()\n +    where remove_discount = <logic.setup_logic.Setup object at 0x000002A6F48FEE60>.remove_discount\n +      where <logic.setup_logic.Setup object at 0x000002A6F48FEE60> = <test_setup.TestSetUpFlow object at 0x000002A6F480B790>.setup", "trace": "self = <test_setup.TestSetUpFlow object at 0x000002A6F480B790>\n\n    def test_delete_discount(self):\n>       assert self.setup.remove_discount() is True\nE       AssertionError: assert 'Errorr is Message: \\n' is True\nE        +  where 'Errorr is Message: \\n' = remove_discount()\nE        +    where remove_discount = <logic.setup_logic.Setup object at 0x000002A6F48FEE60>.remove_discount\nE        +      where <logic.setup_logic.Setup object at 0x000002A6F48FEE60> = <test_setup.TestSetUpFlow object at 0x000002A6F480B790>.setup\n\nAutomation-logic\\suits\\test_setup\\test_setup.py:72: AssertionError"}, "start": 1743594456998, "stop": 1743594470976, "uuid": "c8c9dfb0-b5ff-4988-a6eb-6c3537c6ad67", "historyId": "e883706edb2c5858cbad77886496b813", "testCaseId": "e883706edb2c5858cbad77886496b813", "fullName": "suits.test_setup.test_setup.TestSetUpFlow#test_delete_discount", "labels": [{"name": "feature", "value": "Developer 1 Report"}, {"name": "parentSuite", "value": "suits.test_setup"}, {"name": "suite", "value": "test_setup"}, {"name": "subSuite", "value": "TestSetUpFlow"}, {"name": "host", "value": "LAPTOP-KKMKONCC"}, {"name": "thread", "value": "19328-MainThread"}, {"name": "framework", "value": "pytest"}, {"name": "language", "value": "cpython3"}, {"name": "package", "value": "suits.test_setup.test_setup"}]}