{"name": "test_order_note_check", "status": "failed", "statusDetails": {"message": "AssertionError: assert None is True\n +  where None = check_note()\n +    where check_note = <logic.setup_logic.Setup object at 0x0000027F099113C0>.check_note\n +      where <logic.setup_logic.Setup object at 0x0000027F099113C0> = <test_setup.TestSetUpFlow object at 0x0000027F0985AC50>.setup", "trace": "self = <test_setup.TestSetUpFlow object at 0x0000027F0985AC50>\n\n    def test_order_note_check(self):\n>       assert self.setup.check_note() is True\nE       assert None is True\nE        +  where None = check_note()\nE        +    where check_note = <logic.setup_logic.Setup object at 0x0000027F099113C0>.check_note\nE        +      where <logic.setup_logic.Setup object at 0x0000027F099113C0> = <test_setup.TestSetUpFlow object at 0x0000027F0985AC50>.setup\n\nAutomation-logic\\suits\\test_setup\\test_setup.py:48: AssertionError"}, "start": 1742918173748, "stop": 1742918194125, "uuid": "bbde0cf0-dcbb-4308-9637-868e5c1b95f8", "historyId": "034d8d5b0756d000abcf178f86387fe7", "testCaseId": "034d8d5b0756d000abcf178f86387fe7", "fullName": "suits.test_setup.test_setup.TestSetUpFlow#test_order_note_check", "labels": [{"name": "feature", "value": "Developer 1 Report"}, {"name": "parentSuite", "value": "suits.test_setup"}, {"name": "suite", "value": "test_setup"}, {"name": "subSuite", "value": "TestSetUpFlow"}, {"name": "host", "value": "LAPTOP-KKMKONCC"}, {"name": "thread", "value": "23228-MainThread"}, {"name": "framework", "value": "pytest"}, {"name": "language", "value": "cpython3"}, {"name": "package", "value": "suits.test_setup.test_setup"}]}