{"name": "test_cashpay", "status": "failed", "statusDetails": {"message": "AssertionError: assert False is True\n +  where False = cash_pay()\n +    where cash_pay = <logic.takeout_logic.Calculations object at 0x000002279FC98490>.cash_pay\n +      where <logic.takeout_logic.Calculations object at 0x000002279FC98490> = <test_setup.TestSetUpFlow object at 0x00000227A0564F10>.calc", "trace": "self = <test_setup.TestSetUpFlow object at 0x00000227A0564F10>\n\n    def test_cashpay(self):\n>       assert self.calc.cash_pay() is True\nE       assert False is True\nE        +  where False = cash_pay()\nE        +    where cash_pay = <logic.takeout_logic.Calculations object at 0x000002279FC98490>.cash_pay\nE        +      where <logic.takeout_logic.Calculations object at 0x000002279FC98490> = <test_setup.TestSetUpFlow object at 0x00000227A0564F10>.calc\n\nAutomation-logic\\suits\\test_setup\\test_setup.py:98: AssertionError"}, "start": 1743599623036, "stop": 1743599635224, "uuid": "758b9cec-c22a-4e76-a22a-866f5e84dd8f", "historyId": "685db32d686450f8ee71fb9a4ef2e186", "testCaseId": "685db32d686450f8ee71fb9a4ef2e186", "fullName": "suits.test_setup.test_setup.TestSetUpFlow#test_cashpay", "labels": [{"name": "feature", "value": "Developer 1 Report"}, {"name": "parentSuite", "value": "suits.test_setup"}, {"name": "suite", "value": "test_setup"}, {"name": "subSuite", "value": "TestSetUpFlow"}, {"name": "host", "value": "LAPTOP-KKMKONCC"}, {"name": "thread", "value": "11572-MainThread"}, {"name": "framework", "value": "pytest"}, {"name": "language", "value": "cpython3"}, {"name": "package", "value": "suits.test_setup.test_setup"}]}