{"name": "test_tip", "status": "failed", "statusDetails": {"message": "AssertionError: assert False is True\n +  where False = tip_editing()\n +    where tip_editing = <logic.setup_logic.Setup object at 0x000002927A684B20>.tip_editing\n +      where <logic.setup_logic.Setup object at 0x000002927A684B20> = <test_setup.TestSetUpFlow object at 0x000002927A66CFD0>.setup", "trace": "self = <test_setup.TestSetUpFlow object at 0x000002927A66CFD0>\n\n    def test_tip(self):\n>       assert self.setup.tip_editing() is True\nE       assert False is True\nE        +  where False = tip_editing()\nE        +    where tip_editing = <logic.setup_logic.Setup object at 0x000002927A684B20>.tip_editing\nE        +      where <logic.setup_logic.Setup object at 0x000002927A684B20> = <test_setup.TestSetUpFlow object at 0x000002927A66CFD0>.setup\n\nAutomation-logic\\suits\\test_setup\\test_setup.py:29: AssertionError"}, "start": 1743598139132, "stop": 1743598174124, "uuid": "18d95d0c-f102-4188-8a72-9cfe41d597ae", "historyId": "e4f50cb10e26e558ca28fa337e2a83bf", "testCaseId": "e4f50cb10e26e558ca28fa337e2a83bf", "fullName": "suits.test_setup.test_setup.TestSetUpFlow#test_tip", "labels": [{"name": "feature", "value": "Developer 1 Report"}, {"name": "parentSuite", "value": "suits.test_setup"}, {"name": "suite", "value": "test_setup"}, {"name": "subSuite", "value": "TestSetUpFlow"}, {"name": "host", "value": "LAPTOP-KKMKONCC"}, {"name": "thread", "value": "12656-MainThread"}, {"name": "framework", "value": "pytest"}, {"name": "language", "value": "cpython3"}, {"name": "package", "value": "suits.test_setup.test_setup"}]}