{"name": "Process a phone order and Cancel it", "status": "failed", "statusDetails": {"message": "AssertionError: assert 'ERROR IS Message: An unknown server-side error occurred while processing the command. Original error: Timed out after...utomator2.core.AccessibilityNodeInfoDumper.findNodesUsingXpath2(AccessibilityNodeInfoDumper.java:337)\\n\\t... 38 more\\n' == True\n +  where 'ERROR IS Message: An unknown server-side error occurred while processing the command. Original error: Timed out after...utomator2.core.AccessibilityNodeInfoDumper.findNodesUsingXpath2(AccessibilityNodeInfoDumper.java:337)\\n\\t... 38 more\\n' = order('Phone Order')\n +    where order = <logic.takeout_logic.Calculations object at 0x00000246D1838530>.order\n +      where <logic.takeout_logic.Calculations object at 0x00000246D1838530> = <test_phoneorder_card.TestPhoneOrderCard object at 0x00000246D17A8C20>.phone", "trace": "self = <test_phoneorder_card.TestPhoneOrderCard object at 0x00000246D17A8C20>\n\n    @allure.story(\"Phone Order Save and Cancel\")\n    @allure.title(\"Process a phone order and Cancel it\")\n    def test_phoneorder_cancel_order(self):\n    \n>       assert self.phone.order(\"Phone Order\") == True\nE       AssertionError: assert 'ERROR IS Message: An unknown server-side error occurred while processing the command. Original error: Timed out after...utomator2.core.AccessibilityNodeInfoDumper.findNodesUsingXpath2(AccessibilityNodeInfoDumper.java:337)\\n\\t... 38 more\\n' == True\nE        +  where 'ERROR IS Message: An unknown server-side error occurred while processing the command. Original error: Timed out after...utomator2.core.AccessibilityNodeInfoDumper.findNodesUsingXpath2(AccessibilityNodeInfoDumper.java:337)\\n\\t... 38 more\\n' = order('Phone Order')\nE        +    where order = <logic.takeout_logic.Calculations object at 0x00000246D1838530>.order\nE        +      where <logic.takeout_logic.Calculations object at 0x00000246D1838530> = <test_phoneorder_card.TestPhoneOrderCard object at 0x00000246D17A8C20>.phone\n\nsuits\\test_orderflows\\test_card\\test_phoneorder_card.py:100: AssertionError"}, "start": 1741783274641, "stop": 1741783287518, "uuid": "e1538fa2-e04d-4b46-b07f-e947c2fcfc93", "historyId": "00f25e64e47a2b7967b2c4161ca5da1a", "testCaseId": "00f25e64e47a2b7967b2c4161ca5da1a", "fullName": "suits.test_orderflows.test_card.test_phoneorder_card.TestPhoneOrderCard#test_phoneorder_cancel_order", "labels": [{"name": "story", "value": "Phone Order Save and Cancel"}, {"name": "feature", "value": "Sanity Sheet"}, {"name": "parentSuite", "value": "suits.test_orderflows.test_card"}, {"name": "suite", "value": "test_phoneorder_card"}, {"name": "subSuite", "value": "TestPhoneOrderCard"}, {"name": "host", "value": "LAPTOP-KKMKONCC"}, {"name": "thread", "value": "8532-MainThread"}, {"name": "framework", "value": "pytest"}, {"name": "language", "value": "cpython3"}, {"name": "package", "value": "suits.test_orderflows.test_card.test_phoneorder_card"}]}