{"name": "Validate transaction details", "status": "failed", "statusDetails": {"message": "AssertionError: assert 112.78234 <= 0.5\n +  where 112.78234 = abs((7.34 - 120.12234000000001))", "trace": "self = <test_openorder_card.TestOpenOrderCard object at 0x0000017AACD89C70>\n\n    @allure.story(\"Payment Processing\")\n    @allure.title(\"Validate transaction details\")\n    def test_transaction(self):\n        global total\n        with allure.step(\"Verifying transaction amount\"):\n            transaction_amount = self.calc.transaction()\n        allure.attach(f\"Total price: {total}, Transaction Amount: {transaction_amount}\", name=\"Transaction Log\")\n>       assert abs(transaction_amount - total) <= 0.5\nE       assert 112.78234 <= 0.5\nE        +  where 112.78234 = abs((7.34 - 120.12234000000001))\n\nAutomation-logic\\suits\\test_orderflows\\test_card\\test_openorder_card.py:121: AssertionError"}, "steps": [{"name": "Verifying transaction amount", "status": "passed", "start": 1742481644957, "stop": 1742481656346}], "attachments": [{"name": "Transaction Log", "source": "f2a42304-1466-417c-a06e-dc6595a3f633-attachment.attach"}], "start": 1742481644956, "stop": 1742481656349, "uuid": "f189f6c3-bb47-439a-b011-e7b3c5a6a126", "historyId": "103a0bcaafab3c7187cd6d294862fcfa", "testCaseId": "103a0bcaafab3c7187cd6d294862fcfa", "fullName": "suits.test_orderflows.test_card.test_openorder_card.TestOpenOrderCard#test_transaction", "labels": [{"name": "story", "value": "Payment Processing"}, {"name": "feature", "value": "Open order in Card"}, {"name": "epic", "value": "Orderflow"}, {"name": "parentSuite", "value": "suits.test_orderflows.test_card"}, {"name": "suite", "value": "test_openorder_card"}, {"name": "subSuite", "value": "TestOpenOrderCard"}, {"name": "host", "value": "LAPTOP-KKMKONCC"}, {"name": "thread", "value": "20380-MainThread"}, {"name": "framework", "value": "pytest"}, {"name": "language", "value": "cpython3"}, {"name": "package", "value": "suits.test_orderflows.test_card.test_openorder_card"}]}