{"name": "Validate transaction details", "status": "failed", "statusDetails": {"message": "AssertionError: assert 70.455 <= 0.3\n +  where 70.455 = abs((False - 70.455))", "trace": "self = <test_cash.test_takeoutorder_cash.TestTakeoutFlow object at 0x0000018ADFC7B400>\n\n    @allure.story(\"Payment Processing\")\n    @allure.title(\"Validate transaction details\")\n    def test_transaction(self):\n        global total, tip\n        transaction_amount = self.calc.transaction()\n        print(\"Total price is \", total)\n        print(\"Transaction amount is \", transaction_amount)\n>       assert abs(transaction_amount - total) <= 0.3\nE       assert 70.455 <= 0.3\nE        +  where 70.455 = abs((False - 70.455))\n\nAutomation-logic\\suits\\test_orderflows\\test_cash\\test_takeoutorder_cash.py:86: AssertionError"}, "start": 1742903557566, "stop": 1742903588593, "uuid": "eddf1b5c-70cd-4e21-9895-ecf829ef4b0d", "historyId": "a87301e7f4dd1d10a8f68044bfde0776", "testCaseId": "a87301e7f4dd1d10a8f68044bfde0776", "fullName": "suits.test_orderflows.test_cash.test_takeoutorder_cash.TestTakeoutFlow#test_transaction", "labels": [{"name": "story", "value": "Payment Processing"}, {"name": "epic", "value": "Orderflow"}, {"name": "feature", "value": "Takeout order in Cash"}, {"name": "parentSuite", "value": "suits.test_orderflows.test_cash"}, {"name": "suite", "value": "test_takeoutorder_cash"}, {"name": "subSuite", "value": "TestTakeoutFlow"}, {"name": "host", "value": "LAPTOP-KKMKONCC"}, {"name": "thread", "value": "7416-MainThread"}, {"name": "framework", "value": "pytest"}, {"name": "language", "value": "cpython3"}, {"name": "package", "value": "suits.test_orderflows.test_cash.test_takeoutorder_cash"}]}